The system is: Linux - 2.6.32-754.12.1.el6.x86_64 - x86_64
Compiling the C compiler identification source file "CMakeCCompilerId.c" succeeded.
Compiler: /cvmfs/larsoft.opensciencegrid.org/products/gcc/v6_4_0/Linux64bit+2.6-2.12/bin/cc 
Build flags: 
Id flags:  

The output was:
0


Compilation of the C compiler identification source "CMakeCCompilerId.c" produced "a.out"

The C compiler identification is GNU, found in "/dune/app/users/gyang/DUNE3dstTools/app/beamMonitoring/CMakeFiles/3.9.0/CompilerIdC/a.out"

Compiling the CXX compiler identification source file "CMakeCXXCompilerId.cpp" succeeded.
Compiler: /cvmfs/larsoft.opensciencegrid.org/products/gcc/v6_4_0/Linux64bit+2.6-2.12/bin/c++ 
Build flags: 
Id flags:  

The output was:
0


Compilation of the CXX compiler identification source "CMakeCXXCompilerId.cpp" produced "a.out"

The CXX compiler identification is GNU, found in "/dune/app/users/gyang/DUNE3dstTools/app/beamMonitoring/CMakeFiles/3.9.0/CompilerIdCXX/a.out"

Determining if the C compiler works passed with the following output:
Change Dir: /dune/app/users/gyang/DUNE3dstTools/app/beamMonitoring/CMakeFiles/CMakeTmp

Run Build Command:"/usr/bin/gmake" "cmTC_57edc/fast"
/usr/bin/gmake -f CMakeFiles/cmTC_57edc.dir/build.make CMakeFiles/cmTC_57edc.dir/build
gmake[1]: Entering directory `/dune/app/users/gyang/DUNE3dstTools/app/beamMonitoring/CMakeFiles/CMakeTmp'
Building C object CMakeFiles/cmTC_57edc.dir/testCCompiler.c.o
/cvmfs/larsoft.opensciencegrid.org/products/gcc/v6_4_0/Linux64bit+2.6-2.12/bin/cc    -o CMakeFiles/cmTC_57edc.dir/testCCompiler.c.o   -c /dune/app/users/gyang/DUNE3dstTools/app/beamMonitoring/CMakeFiles/CMakeTmp/testCCompiler.c
Linking C executable cmTC_57edc
/cvmfs/larsoft.opensciencegrid.org/products/cmake/v3_9_0/Linux64bit+2.6-2.12/bin/cmake -E cmake_link_script CMakeFiles/cmTC_57edc.dir/link.txt --verbose=1
/cvmfs/larsoft.opensciencegrid.org/products/gcc/v6_4_0/Linux64bit+2.6-2.12/bin/cc      -rdynamic CMakeFiles/cmTC_57edc.dir/testCCompiler.c.o  -o cmTC_57edc 
gmake[1]: Leaving directory `/dune/app/users/gyang/DUNE3dstTools/app/beamMonitoring/CMakeFiles/CMakeTmp'


Detecting C compiler ABI info compiled with the following output:
Change Dir: /dune/app/users/gyang/DUNE3dstTools/app/beamMonitoring/CMakeFiles/CMakeTmp

Run Build Command:"/usr/bin/gmake" "cmTC_ff188/fast"
/usr/bin/gmake -f CMakeFiles/cmTC_ff188.dir/build.make CMakeFiles/cmTC_ff188.dir/build
gmake[1]: Entering directory `/dune/app/users/gyang/DUNE3dstTools/app/beamMonitoring/CMakeFiles/CMakeTmp'
Building C object CMakeFiles/cmTC_ff188.dir/CMakeCCompilerABI.c.o
/cvmfs/larsoft.opensciencegrid.org/products/gcc/v6_4_0/Linux64bit+2.6-2.12/bin/cc    -o CMakeFiles/cmTC_ff188.dir/CMakeCCompilerABI.c.o   -c /cvmfs/larsoft.opensciencegrid.org/products/cmake/v3_9_0/Linux64bit+2.6-2.12/share/cmake-3.9/Modules/CMakeCCompilerABI.c
Linking C executable cmTC_ff188
/cvmfs/larsoft.opensciencegrid.org/products/cmake/v3_9_0/Linux64bit+2.6-2.12/bin/cmake -E cmake_link_script CMakeFiles/cmTC_ff188.dir/link.txt --verbose=1
/cvmfs/larsoft.opensciencegrid.org/products/gcc/v6_4_0/Linux64bit+2.6-2.12/bin/cc     -v -rdynamic CMakeFiles/cmTC_ff188.dir/CMakeCCompilerABI.c.o  -o cmTC_ff188 
Using built-in specs.
COLLECT_GCC=/cvmfs/larsoft.opensciencegrid.org/products/gcc/v6_4_0/Linux64bit+2.6-2.12/bin/cc
COLLECT_LTO_WRAPPER=/cvmfs/larsoft.opensciencegrid.org/products/gcc/v6_4_0/Linux64bit+2.6-2.12/bin/../libexec/gcc/x86_64-pc-linux-gnu/6.4.0/lto-wrapper
Target: x86_64-pc-linux-gnu
Configured with: ./configure --prefix=/scratch/workspace/art-build-base/v6_4_0/SLF6/build/gcc/v6_4_0/Linux64bit+2.6-2.12 --disable-libgcj --enable-threads=posix --enable-__cxa_atexit --enable-languages=c,c++,fortran,lto --with-system-zlib --enable-libstdcxx-time=rt --enable-stage1-checking=yes --enable-checking=release --enable-lto --enable-plugin
Thread model: posix
gcc version 6.4.0 (GCC) 
COMPILER_PATH=/cvmfs/larsoft.opensciencegrid.org/products/gcc/v6_4_0/Linux64bit+2.6-2.12/bin/../libexec/gcc/x86_64-pc-linux-gnu/6.4.0/:/cvmfs/larsoft.opensciencegrid.org/products/gcc/v6_4_0/Linux64bit+2.6-2.12/bin/../libexec/gcc/:/cvmfs/larsoft.opensciencegrid.org/products/gcc/v6_4_0/Linux64bit+2.6-2.12/bin/
LIBRARY_PATH=/cvmfs/larsoft.opensciencegrid.org/products/gcc/v6_4_0/Linux64bit+2.6-2.12/bin/../lib/gcc/x86_64-pc-linux-gnu/6.4.0/:/cvmfs/larsoft.opensciencegrid.org/products/gcc/v6_4_0/Linux64bit+2.6-2.12/bin/../lib/gcc/:/cvmfs/larsoft.opensciencegrid.org/products/gcc/v6_4_0/Linux64bit+2.6-2.12/bin/../lib/gcc/x86_64-pc-linux-gnu/6.4.0/../../../../lib64/:/lib/../lib64/:/usr/lib/../lib64/:/cvmfs/larsoft.opensciencegrid.org/products/gcc/v6_4_0/Linux64bit+2.6-2.12/bin/../lib/gcc/x86_64-pc-linux-gnu/6.4.0/../../../:/lib/:/usr/lib/
COLLECT_GCC_OPTIONS='-v' '-rdynamic' '-o' 'cmTC_ff188' '-mtune=generic' '-march=x86-64'
 /cvmfs/larsoft.opensciencegrid.org/products/gcc/v6_4_0/Linux64bit+2.6-2.12/bin/../libexec/gcc/x86_64-pc-linux-gnu/6.4.0/collect2 --eh-frame-hdr -m elf_x86_64 -export-dynamic -dynamic-linker /lib64/ld-linux-x86-64.so.2 -o cmTC_ff188 /usr/lib/../lib64/crt1.o /usr/lib/../lib64/crti.o /cvmfs/larsoft.opensciencegrid.org/products/gcc/v6_4_0/Linux64bit+2.6-2.12/bin/../lib/gcc/x86_64-pc-linux-gnu/6.4.0/crtbegin.o -L/cvmfs/larsoft.opensciencegrid.org/products/gcc/v6_4_0/Linux64bit+2.6-2.12/bin/../lib/gcc/x86_64-pc-linux-gnu/6.4.0 -L/cvmfs/larsoft.opensciencegrid.org/products/gcc/v6_4_0/Linux64bit+2.6-2.12/bin/../lib/gcc -L/cvmfs/larsoft.opensciencegrid.org/products/gcc/v6_4_0/Linux64bit+2.6-2.12/bin/../lib/gcc/x86_64-pc-linux-gnu/6.4.0/../../../../lib64 -L/lib/../lib64 -L/usr/lib/../lib64 -L/cvmfs/larsoft.opensciencegrid.org/products/gcc/v6_4_0/Linux64bit+2.6-2.12/bin/../lib/gcc/x86_64-pc-linux-gnu/6.4.0/../../.. CMakeFiles/cmTC_ff188.dir/CMakeCCompilerABI.c.o -lgcc --as-needed -lgcc_s --no-as-needed -lc -lgcc --as-needed -lgcc_s --no-as-needed /cvmfs/larsoft.opensciencegrid.org/products/gcc/v6_4_0/Linux64bit+2.6-2.12/bin/../lib/gcc/x86_64-pc-linux-gnu/6.4.0/crtend.o /usr/lib/../lib64/crtn.o
COLLECT_GCC_OPTIONS='-v' '-rdynamic' '-o' 'cmTC_ff188' '-mtune=generic' '-march=x86-64'
gmake[1]: Leaving directory `/dune/app/users/gyang/DUNE3dstTools/app/beamMonitoring/CMakeFiles/CMakeTmp'


Parsed C implicit link information from above output:
  link line regex: [^( *|.*[/\])(ld|CMAKE_LINK_STARTFILE-NOTFOUND|([^/\]+-)?ld|collect2)[^/\]*( |$)]
  ignore line: [Change Dir: /dune/app/users/gyang/DUNE3dstTools/app/beamMonitoring/CMakeFiles/CMakeTmp]
  ignore line: []
  ignore line: [Run Build Command:"/usr/bin/gmake" "cmTC_ff188/fast"]
  ignore line: [/usr/bin/gmake -f CMakeFiles/cmTC_ff188.dir/build.make CMakeFiles/cmTC_ff188.dir/build]
  ignore line: [gmake[1]: Entering directory `/dune/app/users/gyang/DUNE3dstTools/app/beamMonitoring/CMakeFiles/CMakeTmp']
  ignore line: [Building C object CMakeFiles/cmTC_ff188.dir/CMakeCCompilerABI.c.o]
  ignore line: [/cvmfs/larsoft.opensciencegrid.org/products/gcc/v6_4_0/Linux64bit+2.6-2.12/bin/cc    -o CMakeFiles/cmTC_ff188.dir/CMakeCCompilerABI.c.o   -c /cvmfs/larsoft.opensciencegrid.org/products/cmake/v3_9_0/Linux64bit+2.6-2.12/share/cmake-3.9/Modules/CMakeCCompilerABI.c]
  ignore line: [Linking C executable cmTC_ff188]
  ignore line: [/cvmfs/larsoft.opensciencegrid.org/products/cmake/v3_9_0/Linux64bit+2.6-2.12/bin/cmake -E cmake_link_script CMakeFiles/cmTC_ff188.dir/link.txt --verbose=1]
  ignore line: [/cvmfs/larsoft.opensciencegrid.org/products/gcc/v6_4_0/Linux64bit+2.6-2.12/bin/cc     -v -rdynamic CMakeFiles/cmTC_ff188.dir/CMakeCCompilerABI.c.o  -o cmTC_ff188 ]
  ignore line: [Using built-in specs.]
  ignore line: [COLLECT_GCC=/cvmfs/larsoft.opensciencegrid.org/products/gcc/v6_4_0/Linux64bit+2.6-2.12/bin/cc]
  ignore line: [COLLECT_LTO_WRAPPER=/cvmfs/larsoft.opensciencegrid.org/products/gcc/v6_4_0/Linux64bit+2.6-2.12/bin/../libexec/gcc/x86_64-pc-linux-gnu/6.4.0/lto-wrapper]
  ignore line: [Target: x86_64-pc-linux-gnu]
  ignore line: [Configured with: ./configure --prefix=/scratch/workspace/art-build-base/v6_4_0/SLF6/build/gcc/v6_4_0/Linux64bit+2.6-2.12 --disable-libgcj --enable-threads=posix --enable-__cxa_atexit --enable-languages=c,c++,fortran,lto --with-system-zlib --enable-libstdcxx-time=rt --enable-stage1-checking=yes --enable-checking=release --enable-lto --enable-plugin]
  ignore line: [Thread model: posix]
  ignore line: [gcc version 6.4.0 (GCC) ]
  ignore line: [COMPILER_PATH=/cvmfs/larsoft.opensciencegrid.org/products/gcc/v6_4_0/Linux64bit+2.6-2.12/bin/../libexec/gcc/x86_64-pc-linux-gnu/6.4.0/:/cvmfs/larsoft.opensciencegrid.org/products/gcc/v6_4_0/Linux64bit+2.6-2.12/bin/../libexec/gcc/:/cvmfs/larsoft.opensciencegrid.org/products/gcc/v6_4_0/Linux64bit+2.6-2.12/bin/]
  ignore line: [LIBRARY_PATH=/cvmfs/larsoft.opensciencegrid.org/products/gcc/v6_4_0/Linux64bit+2.6-2.12/bin/../lib/gcc/x86_64-pc-linux-gnu/6.4.0/:/cvmfs/larsoft.opensciencegrid.org/products/gcc/v6_4_0/Linux64bit+2.6-2.12/bin/../lib/gcc/:/cvmfs/larsoft.opensciencegrid.org/products/gcc/v6_4_0/Linux64bit+2.6-2.12/bin/../lib/gcc/x86_64-pc-linux-gnu/6.4.0/../../../../lib64/:/lib/../lib64/:/usr/lib/../lib64/:/cvmfs/larsoft.opensciencegrid.org/products/gcc/v6_4_0/Linux64bit+2.6-2.12/bin/../lib/gcc/x86_64-pc-linux-gnu/6.4.0/../../../:/lib/:/usr/lib/]
  ignore line: [COLLECT_GCC_OPTIONS='-v' '-rdynamic' '-o' 'cmTC_ff188' '-mtune=generic' '-march=x86-64']
  link line: [ /cvmfs/larsoft.opensciencegrid.org/products/gcc/v6_4_0/Linux64bit+2.6-2.12/bin/../libexec/gcc/x86_64-pc-linux-gnu/6.4.0/collect2 --eh-frame-hdr -m elf_x86_64 -export-dynamic -dynamic-linker /lib64/ld-linux-x86-64.so.2 -o cmTC_ff188 /usr/lib/../lib64/crt1.o /usr/lib/../lib64/crti.o /cvmfs/larsoft.opensciencegrid.org/products/gcc/v6_4_0/Linux64bit+2.6-2.12/bin/../lib/gcc/x86_64-pc-linux-gnu/6.4.0/crtbegin.o -L/cvmfs/larsoft.opensciencegrid.org/products/gcc/v6_4_0/Linux64bit+2.6-2.12/bin/../lib/gcc/x86_64-pc-linux-gnu/6.4.0 -L/cvmfs/larsoft.opensciencegrid.org/products/gcc/v6_4_0/Linux64bit+2.6-2.12/bin/../lib/gcc -L/cvmfs/larsoft.opensciencegrid.org/products/gcc/v6_4_0/Linux64bit+2.6-2.12/bin/../lib/gcc/x86_64-pc-linux-gnu/6.4.0/../../../../lib64 -L/lib/../lib64 -L/usr/lib/../lib64 -L/cvmfs/larsoft.opensciencegrid.org/products/gcc/v6_4_0/Linux64bit+2.6-2.12/bin/../lib/gcc/x86_64-pc-linux-gnu/6.4.0/../../.. CMakeFiles/cmTC_ff188.dir/CMakeCCompilerABI.c.o -lgcc --as-needed -lgcc_s --no-as-needed -lc -lgcc --as-needed -lgcc_s --no-as-needed /cvmfs/larsoft.opensciencegrid.org/products/gcc/v6_4_0/Linux64bit+2.6-2.12/bin/../lib/gcc/x86_64-pc-linux-gnu/6.4.0/crtend.o /usr/lib/../lib64/crtn.o]
    arg [/cvmfs/larsoft.opensciencegrid.org/products/gcc/v6_4_0/Linux64bit+2.6-2.12/bin/../libexec/gcc/x86_64-pc-linux-gnu/6.4.0/collect2] ==> ignore
    arg [--eh-frame-hdr] ==> ignore
    arg [-m] ==> ignore
    arg [elf_x86_64] ==> ignore
    arg [-export-dynamic] ==> ignore
    arg [-dynamic-linker] ==> ignore
    arg [/lib64/ld-linux-x86-64.so.2] ==> ignore
    arg [-o] ==> ignore
    arg [cmTC_ff188] ==> ignore
    arg [/usr/lib/../lib64/crt1.o] ==> ignore
    arg [/usr/lib/../lib64/crti.o] ==> ignore
    arg [/cvmfs/larsoft.opensciencegrid.org/products/gcc/v6_4_0/Linux64bit+2.6-2.12/bin/../lib/gcc/x86_64-pc-linux-gnu/6.4.0/crtbegin.o] ==> ignore
    arg [-L/cvmfs/larsoft.opensciencegrid.org/products/gcc/v6_4_0/Linux64bit+2.6-2.12/bin/../lib/gcc/x86_64-pc-linux-gnu/6.4.0] ==> dir [/cvmfs/larsoft.opensciencegrid.org/products/gcc/v6_4_0/Linux64bit+2.6-2.12/bin/../lib/gcc/x86_64-pc-linux-gnu/6.4.0]
    arg [-L/cvmfs/larsoft.opensciencegrid.org/products/gcc/v6_4_0/Linux64bit+2.6-2.12/bin/../lib/gcc] ==> dir [/cvmfs/larsoft.opensciencegrid.org/products/gcc/v6_4_0/Linux64bit+2.6-2.12/bin/../lib/gcc]
    arg [-L/cvmfs/larsoft.opensciencegrid.org/products/gcc/v6_4_0/Linux64bit+2.6-2.12/bin/../lib/gcc/x86_64-pc-linux-gnu/6.4.0/../../../../lib64] ==> dir [/cvmfs/larsoft.opensciencegrid.org/products/gcc/v6_4_0/Linux64bit+2.6-2.12/bin/../lib/gcc/x86_64-pc-linux-gnu/6.4.0/../../../../lib64]
    arg [-L/lib/../lib64] ==> dir [/lib/../lib64]
    arg [-L/usr/lib/../lib64] ==> dir [/usr/lib/../lib64]
    arg [-L/cvmfs/larsoft.opensciencegrid.org/products/gcc/v6_4_0/Linux64bit+2.6-2.12/bin/../lib/gcc/x86_64-pc-linux-gnu/6.4.0/../../..] ==> dir [/cvmfs/larsoft.opensciencegrid.org/products/gcc/v6_4_0/Linux64bit+2.6-2.12/bin/../lib/gcc/x86_64-pc-linux-gnu/6.4.0/../../..]
    arg [CMakeFiles/cmTC_ff188.dir/CMakeCCompilerABI.c.o] ==> ignore
    arg [-lgcc] ==> lib [gcc]
    arg [--as-needed] ==> ignore
    arg [-lgcc_s] ==> lib [gcc_s]
    arg [--no-as-needed] ==> ignore
    arg [-lc] ==> lib [c]
    arg [-lgcc] ==> lib [gcc]
    arg [--as-needed] ==> ignore
    arg [-lgcc_s] ==> lib [gcc_s]
    arg [--no-as-needed] ==> ignore
    arg [/cvmfs/larsoft.opensciencegrid.org/products/gcc/v6_4_0/Linux64bit+2.6-2.12/bin/../lib/gcc/x86_64-pc-linux-gnu/6.4.0/crtend.o] ==> ignore
    arg [/usr/lib/../lib64/crtn.o] ==> ignore
  collapse library dir [/cvmfs/larsoft.opensciencegrid.org/products/gcc/v6_4_0/Linux64bit+2.6-2.12/bin/../lib/gcc/x86_64-pc-linux-gnu/6.4.0] ==> [/cvmfs/larsoft.opensciencegrid.org/products/gcc/v6_4_0/Linux64bit+2.6-2.12/lib/gcc/x86_64-pc-linux-gnu/6.4.0]
  collapse library dir [/cvmfs/larsoft.opensciencegrid.org/products/gcc/v6_4_0/Linux64bit+2.6-2.12/bin/../lib/gcc] ==> [/cvmfs/larsoft.opensciencegrid.org/products/gcc/v6_4_0/Linux64bit+2.6-2.12/lib/gcc]
  collapse library dir [/cvmfs/larsoft.opensciencegrid.org/products/gcc/v6_4_0/Linux64bit+2.6-2.12/bin/../lib/gcc/x86_64-pc-linux-gnu/6.4.0/../../../../lib64] ==> [/cvmfs/larsoft.opensciencegrid.org/products/gcc/v6_4_0/Linux64bit+2.6-2.12/lib64]
  collapse library dir [/lib/../lib64] ==> [/lib64]
  collapse library dir [/usr/lib/../lib64] ==> [/usr/lib64]
  collapse library dir [/cvmfs/larsoft.opensciencegrid.org/products/gcc/v6_4_0/Linux64bit+2.6-2.12/bin/../lib/gcc/x86_64-pc-linux-gnu/6.4.0/../../..] ==> [/cvmfs/larsoft.opensciencegrid.org/products/gcc/v6_4_0/Linux64bit+2.6-2.12/lib]
  implicit libs: [gcc;gcc_s;c;gcc;gcc_s]
  implicit dirs: [/cvmfs/larsoft.opensciencegrid.org/products/gcc/v6_4_0/Linux64bit+2.6-2.12/lib/gcc/x86_64-pc-linux-gnu/6.4.0;/cvmfs/larsoft.opensciencegrid.org/products/gcc/v6_4_0/Linux64bit+2.6-2.12/lib/gcc;/cvmfs/larsoft.opensciencegrid.org/products/gcc/v6_4_0/Linux64bit+2.6-2.12/lib64;/lib64;/usr/lib64;/cvmfs/larsoft.opensciencegrid.org/products/gcc/v6_4_0/Linux64bit+2.6-2.12/lib]
  implicit fwks: []




Detecting C [-std=c11] compiler features compiled with the following output:
Change Dir: /dune/app/users/gyang/DUNE3dstTools/app/beamMonitoring/CMakeFiles/CMakeTmp

Run Build Command:"/usr/bin/gmake" "cmTC_7c2ce/fast"
/usr/bin/gmake -f CMakeFiles/cmTC_7c2ce.dir/build.make CMakeFiles/cmTC_7c2ce.dir/build
gmake[1]: Entering directory `/dune/app/users/gyang/DUNE3dstTools/app/beamMonitoring/CMakeFiles/CMakeTmp'
Building C object CMakeFiles/cmTC_7c2ce.dir/feature_tests.c.o
/cvmfs/larsoft.opensciencegrid.org/products/gcc/v6_4_0/Linux64bit+2.6-2.12/bin/cc   -std=c11 -o CMakeFiles/cmTC_7c2ce.dir/feature_tests.c.o   -c /dune/app/users/gyang/DUNE3dstTools/app/beamMonitoring/CMakeFiles/feature_tests.c
Linking C executable cmTC_7c2ce
/cvmfs/larsoft.opensciencegrid.org/products/cmake/v3_9_0/Linux64bit+2.6-2.12/bin/cmake -E cmake_link_script CMakeFiles/cmTC_7c2ce.dir/link.txt --verbose=1
/cvmfs/larsoft.opensciencegrid.org/products/gcc/v6_4_0/Linux64bit+2.6-2.12/bin/cc      -rdynamic CMakeFiles/cmTC_7c2ce.dir/feature_tests.c.o  -o cmTC_7c2ce 
gmake[1]: Leaving directory `/dune/app/users/gyang/DUNE3dstTools/app/beamMonitoring/CMakeFiles/CMakeTmp'


    Feature record: C_FEATURE:1c_function_prototypes
    Feature record: C_FEATURE:1c_restrict
    Feature record: C_FEATURE:1c_static_assert
    Feature record: C_FEATURE:1c_variadic_macros


Detecting C [-std=c99] compiler features compiled with the following output:
Change Dir: /dune/app/users/gyang/DUNE3dstTools/app/beamMonitoring/CMakeFiles/CMakeTmp

Run Build Command:"/usr/bin/gmake" "cmTC_ee587/fast"
/usr/bin/gmake -f CMakeFiles/cmTC_ee587.dir/build.make CMakeFiles/cmTC_ee587.dir/build
gmake[1]: Entering directory `/dune/app/users/gyang/DUNE3dstTools/app/beamMonitoring/CMakeFiles/CMakeTmp'
Building C object CMakeFiles/cmTC_ee587.dir/feature_tests.c.o
/cvmfs/larsoft.opensciencegrid.org/products/gcc/v6_4_0/Linux64bit+2.6-2.12/bin/cc   -std=c99 -o CMakeFiles/cmTC_ee587.dir/feature_tests.c.o   -c /dune/app/users/gyang/DUNE3dstTools/app/beamMonitoring/CMakeFiles/feature_tests.c
Linking C executable cmTC_ee587
/cvmfs/larsoft.opensciencegrid.org/products/cmake/v3_9_0/Linux64bit+2.6-2.12/bin/cmake -E cmake_link_script CMakeFiles/cmTC_ee587.dir/link.txt --verbose=1
/cvmfs/larsoft.opensciencegrid.org/products/gcc/v6_4_0/Linux64bit+2.6-2.12/bin/cc      -rdynamic CMakeFiles/cmTC_ee587.dir/feature_tests.c.o  -o cmTC_ee587 
gmake[1]: Leaving directory `/dune/app/users/gyang/DUNE3dstTools/app/beamMonitoring/CMakeFiles/CMakeTmp'


    Feature record: C_FEATURE:1c_function_prototypes
    Feature record: C_FEATURE:1c_restrict
    Feature record: C_FEATURE:0c_static_assert
    Feature record: C_FEATURE:1c_variadic_macros


Detecting C [-std=c90] compiler features compiled with the following output:
Change Dir: /dune/app/users/gyang/DUNE3dstTools/app/beamMonitoring/CMakeFiles/CMakeTmp

Run Build Command:"/usr/bin/gmake" "cmTC_3ab37/fast"
/usr/bin/gmake -f CMakeFiles/cmTC_3ab37.dir/build.make CMakeFiles/cmTC_3ab37.dir/build
gmake[1]: Entering directory `/dune/app/users/gyang/DUNE3dstTools/app/beamMonitoring/CMakeFiles/CMakeTmp'
Building C object CMakeFiles/cmTC_3ab37.dir/feature_tests.c.o
/cvmfs/larsoft.opensciencegrid.org/products/gcc/v6_4_0/Linux64bit+2.6-2.12/bin/cc   -std=c90 -o CMakeFiles/cmTC_3ab37.dir/feature_tests.c.o   -c /dune/app/users/gyang/DUNE3dstTools/app/beamMonitoring/CMakeFiles/feature_tests.c
Linking C executable cmTC_3ab37
/cvmfs/larsoft.opensciencegrid.org/products/cmake/v3_9_0/Linux64bit+2.6-2.12/bin/cmake -E cmake_link_script CMakeFiles/cmTC_3ab37.dir/link.txt --verbose=1
/cvmfs/larsoft.opensciencegrid.org/products/gcc/v6_4_0/Linux64bit+2.6-2.12/bin/cc      -rdynamic CMakeFiles/cmTC_3ab37.dir/feature_tests.c.o  -o cmTC_3ab37 
gmake[1]: Leaving directory `/dune/app/users/gyang/DUNE3dstTools/app/beamMonitoring/CMakeFiles/CMakeTmp'


    Feature record: C_FEATURE:1c_function_prototypes
    Feature record: C_FEATURE:0c_restrict
    Feature record: C_FEATURE:0c_static_assert
    Feature record: C_FEATURE:0c_variadic_macros
Determining if the CXX compiler works passed with the following output:
Change Dir: /dune/app/users/gyang/DUNE3dstTools/app/beamMonitoring/CMakeFiles/CMakeTmp

Run Build Command:"/usr/bin/gmake" "cmTC_40c43/fast"
/usr/bin/gmake -f CMakeFiles/cmTC_40c43.dir/build.make CMakeFiles/cmTC_40c43.dir/build
gmake[1]: Entering directory `/dune/app/users/gyang/DUNE3dstTools/app/beamMonitoring/CMakeFiles/CMakeTmp'
Building CXX object CMakeFiles/cmTC_40c43.dir/testCXXCompiler.cxx.o
/cvmfs/larsoft.opensciencegrid.org/products/gcc/v6_4_0/Linux64bit+2.6-2.12/bin/c++     -o CMakeFiles/cmTC_40c43.dir/testCXXCompiler.cxx.o -c /dune/app/users/gyang/DUNE3dstTools/app/beamMonitoring/CMakeFiles/CMakeTmp/testCXXCompiler.cxx
Linking CXX executable cmTC_40c43
/cvmfs/larsoft.opensciencegrid.org/products/cmake/v3_9_0/Linux64bit+2.6-2.12/bin/cmake -E cmake_link_script CMakeFiles/cmTC_40c43.dir/link.txt --verbose=1
/cvmfs/larsoft.opensciencegrid.org/products/gcc/v6_4_0/Linux64bit+2.6-2.12/bin/c++       -rdynamic CMakeFiles/cmTC_40c43.dir/testCXXCompiler.cxx.o  -o cmTC_40c43 
gmake[1]: Leaving directory `/dune/app/users/gyang/DUNE3dstTools/app/beamMonitoring/CMakeFiles/CMakeTmp'


Detecting CXX compiler ABI info compiled with the following output:
Change Dir: /dune/app/users/gyang/DUNE3dstTools/app/beamMonitoring/CMakeFiles/CMakeTmp

Run Build Command:"/usr/bin/gmake" "cmTC_904d9/fast"
/usr/bin/gmake -f CMakeFiles/cmTC_904d9.dir/build.make CMakeFiles/cmTC_904d9.dir/build
gmake[1]: Entering directory `/dune/app/users/gyang/DUNE3dstTools/app/beamMonitoring/CMakeFiles/CMakeTmp'
Building CXX object CMakeFiles/cmTC_904d9.dir/CMakeCXXCompilerABI.cpp.o
/cvmfs/larsoft.opensciencegrid.org/products/gcc/v6_4_0/Linux64bit+2.6-2.12/bin/c++     -o CMakeFiles/cmTC_904d9.dir/CMakeCXXCompilerABI.cpp.o -c /cvmfs/larsoft.opensciencegrid.org/products/cmake/v3_9_0/Linux64bit+2.6-2.12/share/cmake-3.9/Modules/CMakeCXXCompilerABI.cpp
Linking CXX executable cmTC_904d9
/cvmfs/larsoft.opensciencegrid.org/products/cmake/v3_9_0/Linux64bit+2.6-2.12/bin/cmake -E cmake_link_script CMakeFiles/cmTC_904d9.dir/link.txt --verbose=1
/cvmfs/larsoft.opensciencegrid.org/products/gcc/v6_4_0/Linux64bit+2.6-2.12/bin/c++      -v -rdynamic CMakeFiles/cmTC_904d9.dir/CMakeCXXCompilerABI.cpp.o  -o cmTC_904d9 
Using built-in specs.
COLLECT_GCC=/cvmfs/larsoft.opensciencegrid.org/products/gcc/v6_4_0/Linux64bit+2.6-2.12/bin/c++
COLLECT_LTO_WRAPPER=/cvmfs/larsoft.opensciencegrid.org/products/gcc/v6_4_0/Linux64bit+2.6-2.12/bin/../libexec/gcc/x86_64-pc-linux-gnu/6.4.0/lto-wrapper
Target: x86_64-pc-linux-gnu
Configured with: ./configure --prefix=/scratch/workspace/art-build-base/v6_4_0/SLF6/build/gcc/v6_4_0/Linux64bit+2.6-2.12 --disable-libgcj --enable-threads=posix --enable-__cxa_atexit --enable-languages=c,c++,fortran,lto --with-system-zlib --enable-libstdcxx-time=rt --enable-stage1-checking=yes --enable-checking=release --enable-lto --enable-plugin
Thread model: posix
gcc version 6.4.0 (GCC) 
COMPILER_PATH=/cvmfs/larsoft.opensciencegrid.org/products/gcc/v6_4_0/Linux64bit+2.6-2.12/bin/../libexec/gcc/x86_64-pc-linux-gnu/6.4.0/:/cvmfs/larsoft.opensciencegrid.org/products/gcc/v6_4_0/Linux64bit+2.6-2.12/bin/../libexec/gcc/:/cvmfs/larsoft.opensciencegrid.org/products/gcc/v6_4_0/Linux64bit+2.6-2.12/bin/
LIBRARY_PATH=/cvmfs/larsoft.opensciencegrid.org/products/gcc/v6_4_0/Linux64bit+2.6-2.12/bin/../lib/gcc/x86_64-pc-linux-gnu/6.4.0/:/cvmfs/larsoft.opensciencegrid.org/products/gcc/v6_4_0/Linux64bit+2.6-2.12/bin/../lib/gcc/:/cvmfs/larsoft.opensciencegrid.org/products/gcc/v6_4_0/Linux64bit+2.6-2.12/bin/../lib/gcc/x86_64-pc-linux-gnu/6.4.0/../../../../lib64/:/lib/../lib64/:/usr/lib/../lib64/:/cvmfs/larsoft.opensciencegrid.org/products/gcc/v6_4_0/Linux64bit+2.6-2.12/bin/../lib/gcc/x86_64-pc-linux-gnu/6.4.0/../../../:/lib/:/usr/lib/
COLLECT_GCC_OPTIONS='-v' '-rdynamic' '-o' 'cmTC_904d9' '-shared-libgcc' '-mtune=generic' '-march=x86-64'
 /cvmfs/larsoft.opensciencegrid.org/products/gcc/v6_4_0/Linux64bit+2.6-2.12/bin/../libexec/gcc/x86_64-pc-linux-gnu/6.4.0/collect2 --eh-frame-hdr -m elf_x86_64 -export-dynamic -dynamic-linker /lib64/ld-linux-x86-64.so.2 -o cmTC_904d9 /usr/lib/../lib64/crt1.o /usr/lib/../lib64/crti.o /cvmfs/larsoft.opensciencegrid.org/products/gcc/v6_4_0/Linux64bit+2.6-2.12/bin/../lib/gcc/x86_64-pc-linux-gnu/6.4.0/crtbegin.o -L/cvmfs/larsoft.opensciencegrid.org/products/gcc/v6_4_0/Linux64bit+2.6-2.12/bin/../lib/gcc/x86_64-pc-linux-gnu/6.4.0 -L/cvmfs/larsoft.opensciencegrid.org/products/gcc/v6_4_0/Linux64bit+2.6-2.12/bin/../lib/gcc -L/cvmfs/larsoft.opensciencegrid.org/products/gcc/v6_4_0/Linux64bit+2.6-2.12/bin/../lib/gcc/x86_64-pc-linux-gnu/6.4.0/../../../../lib64 -L/lib/../lib64 -L/usr/lib/../lib64 -L/cvmfs/larsoft.opensciencegrid.org/products/gcc/v6_4_0/Linux64bit+2.6-2.12/bin/../lib/gcc/x86_64-pc-linux-gnu/6.4.0/../../.. CMakeFiles/cmTC_904d9.dir/CMakeCXXCompilerABI.cpp.o -lstdc++ -lm -lgcc_s -lgcc -lc -lgcc_s -lgcc /cvmfs/larsoft.opensciencegrid.org/products/gcc/v6_4_0/Linux64bit+2.6-2.12/bin/../lib/gcc/x86_64-pc-linux-gnu/6.4.0/crtend.o /usr/lib/../lib64/crtn.o
COLLECT_GCC_OPTIONS='-v' '-rdynamic' '-o' 'cmTC_904d9' '-shared-libgcc' '-mtune=generic' '-march=x86-64'
gmake[1]: Leaving directory `/dune/app/users/gyang/DUNE3dstTools/app/beamMonitoring/CMakeFiles/CMakeTmp'


Parsed CXX implicit link information from above output:
  link line regex: [^( *|.*[/\])(ld|CMAKE_LINK_STARTFILE-NOTFOUND|([^/\]+-)?ld|collect2)[^/\]*( |$)]
  ignore line: [Change Dir: /dune/app/users/gyang/DUNE3dstTools/app/beamMonitoring/CMakeFiles/CMakeTmp]
  ignore line: []
  ignore line: [Run Build Command:"/usr/bin/gmake" "cmTC_904d9/fast"]
  ignore line: [/usr/bin/gmake -f CMakeFiles/cmTC_904d9.dir/build.make CMakeFiles/cmTC_904d9.dir/build]
  ignore line: [gmake[1]: Entering directory `/dune/app/users/gyang/DUNE3dstTools/app/beamMonitoring/CMakeFiles/CMakeTmp']
  ignore line: [Building CXX object CMakeFiles/cmTC_904d9.dir/CMakeCXXCompilerABI.cpp.o]
  ignore line: [/cvmfs/larsoft.opensciencegrid.org/products/gcc/v6_4_0/Linux64bit+2.6-2.12/bin/c++     -o CMakeFiles/cmTC_904d9.dir/CMakeCXXCompilerABI.cpp.o -c /cvmfs/larsoft.opensciencegrid.org/products/cmake/v3_9_0/Linux64bit+2.6-2.12/share/cmake-3.9/Modules/CMakeCXXCompilerABI.cpp]
  ignore line: [Linking CXX executable cmTC_904d9]
  ignore line: [/cvmfs/larsoft.opensciencegrid.org/products/cmake/v3_9_0/Linux64bit+2.6-2.12/bin/cmake -E cmake_link_script CMakeFiles/cmTC_904d9.dir/link.txt --verbose=1]
  ignore line: [/cvmfs/larsoft.opensciencegrid.org/products/gcc/v6_4_0/Linux64bit+2.6-2.12/bin/c++      -v -rdynamic CMakeFiles/cmTC_904d9.dir/CMakeCXXCompilerABI.cpp.o  -o cmTC_904d9 ]
  ignore line: [Using built-in specs.]
  ignore line: [COLLECT_GCC=/cvmfs/larsoft.opensciencegrid.org/products/gcc/v6_4_0/Linux64bit+2.6-2.12/bin/c++]
  ignore line: [COLLECT_LTO_WRAPPER=/cvmfs/larsoft.opensciencegrid.org/products/gcc/v6_4_0/Linux64bit+2.6-2.12/bin/../libexec/gcc/x86_64-pc-linux-gnu/6.4.0/lto-wrapper]
  ignore line: [Target: x86_64-pc-linux-gnu]
  ignore line: [Configured with: ./configure --prefix=/scratch/workspace/art-build-base/v6_4_0/SLF6/build/gcc/v6_4_0/Linux64bit+2.6-2.12 --disable-libgcj --enable-threads=posix --enable-__cxa_atexit --enable-languages=c,c++,fortran,lto --with-system-zlib --enable-libstdcxx-time=rt --enable-stage1-checking=yes --enable-checking=release --enable-lto --enable-plugin]
  ignore line: [Thread model: posix]
  ignore line: [gcc version 6.4.0 (GCC) ]
  ignore line: [COMPILER_PATH=/cvmfs/larsoft.opensciencegrid.org/products/gcc/v6_4_0/Linux64bit+2.6-2.12/bin/../libexec/gcc/x86_64-pc-linux-gnu/6.4.0/:/cvmfs/larsoft.opensciencegrid.org/products/gcc/v6_4_0/Linux64bit+2.6-2.12/bin/../libexec/gcc/:/cvmfs/larsoft.opensciencegrid.org/products/gcc/v6_4_0/Linux64bit+2.6-2.12/bin/]
  ignore line: [LIBRARY_PATH=/cvmfs/larsoft.opensciencegrid.org/products/gcc/v6_4_0/Linux64bit+2.6-2.12/bin/../lib/gcc/x86_64-pc-linux-gnu/6.4.0/:/cvmfs/larsoft.opensciencegrid.org/products/gcc/v6_4_0/Linux64bit+2.6-2.12/bin/../lib/gcc/:/cvmfs/larsoft.opensciencegrid.org/products/gcc/v6_4_0/Linux64bit+2.6-2.12/bin/../lib/gcc/x86_64-pc-linux-gnu/6.4.0/../../../../lib64/:/lib/../lib64/:/usr/lib/../lib64/:/cvmfs/larsoft.opensciencegrid.org/products/gcc/v6_4_0/Linux64bit+2.6-2.12/bin/../lib/gcc/x86_64-pc-linux-gnu/6.4.0/../../../:/lib/:/usr/lib/]
  ignore line: [COLLECT_GCC_OPTIONS='-v' '-rdynamic' '-o' 'cmTC_904d9' '-shared-libgcc' '-mtune=generic' '-march=x86-64']
  link line: [ /cvmfs/larsoft.opensciencegrid.org/products/gcc/v6_4_0/Linux64bit+2.6-2.12/bin/../libexec/gcc/x86_64-pc-linux-gnu/6.4.0/collect2 --eh-frame-hdr -m elf_x86_64 -export-dynamic -dynamic-linker /lib64/ld-linux-x86-64.so.2 -o cmTC_904d9 /usr/lib/../lib64/crt1.o /usr/lib/../lib64/crti.o /cvmfs/larsoft.opensciencegrid.org/products/gcc/v6_4_0/Linux64bit+2.6-2.12/bin/../lib/gcc/x86_64-pc-linux-gnu/6.4.0/crtbegin.o -L/cvmfs/larsoft.opensciencegrid.org/products/gcc/v6_4_0/Linux64bit+2.6-2.12/bin/../lib/gcc/x86_64-pc-linux-gnu/6.4.0 -L/cvmfs/larsoft.opensciencegrid.org/products/gcc/v6_4_0/Linux64bit+2.6-2.12/bin/../lib/gcc -L/cvmfs/larsoft.opensciencegrid.org/products/gcc/v6_4_0/Linux64bit+2.6-2.12/bin/../lib/gcc/x86_64-pc-linux-gnu/6.4.0/../../../../lib64 -L/lib/../lib64 -L/usr/lib/../lib64 -L/cvmfs/larsoft.opensciencegrid.org/products/gcc/v6_4_0/Linux64bit+2.6-2.12/bin/../lib/gcc/x86_64-pc-linux-gnu/6.4.0/../../.. CMakeFiles/cmTC_904d9.dir/CMakeCXXCompilerABI.cpp.o -lstdc++ -lm -lgcc_s -lgcc -lc -lgcc_s -lgcc /cvmfs/larsoft.opensciencegrid.org/products/gcc/v6_4_0/Linux64bit+2.6-2.12/bin/../lib/gcc/x86_64-pc-linux-gnu/6.4.0/crtend.o /usr/lib/../lib64/crtn.o]
    arg [/cvmfs/larsoft.opensciencegrid.org/products/gcc/v6_4_0/Linux64bit+2.6-2.12/bin/../libexec/gcc/x86_64-pc-linux-gnu/6.4.0/collect2] ==> ignore
    arg [--eh-frame-hdr] ==> ignore
    arg [-m] ==> ignore
    arg [elf_x86_64] ==> ignore
    arg [-export-dynamic] ==> ignore
    arg [-dynamic-linker] ==> ignore
    arg [/lib64/ld-linux-x86-64.so.2] ==> ignore
    arg [-o] ==> ignore
    arg [cmTC_904d9] ==> ignore
    arg [/usr/lib/../lib64/crt1.o] ==> ignore
    arg [/usr/lib/../lib64/crti.o] ==> ignore
    arg [/cvmfs/larsoft.opensciencegrid.org/products/gcc/v6_4_0/Linux64bit+2.6-2.12/bin/../lib/gcc/x86_64-pc-linux-gnu/6.4.0/crtbegin.o] ==> ignore
    arg [-L/cvmfs/larsoft.opensciencegrid.org/products/gcc/v6_4_0/Linux64bit+2.6-2.12/bin/../lib/gcc/x86_64-pc-linux-gnu/6.4.0] ==> dir [/cvmfs/larsoft.opensciencegrid.org/products/gcc/v6_4_0/Linux64bit+2.6-2.12/bin/../lib/gcc/x86_64-pc-linux-gnu/6.4.0]
    arg [-L/cvmfs/larsoft.opensciencegrid.org/products/gcc/v6_4_0/Linux64bit+2.6-2.12/bin/../lib/gcc] ==> dir [/cvmfs/larsoft.opensciencegrid.org/products/gcc/v6_4_0/Linux64bit+2.6-2.12/bin/../lib/gcc]
    arg [-L/cvmfs/larsoft.opensciencegrid.org/products/gcc/v6_4_0/Linux64bit+2.6-2.12/bin/../lib/gcc/x86_64-pc-linux-gnu/6.4.0/../../../../lib64] ==> dir [/cvmfs/larsoft.opensciencegrid.org/products/gcc/v6_4_0/Linux64bit+2.6-2.12/bin/../lib/gcc/x86_64-pc-linux-gnu/6.4.0/../../../../lib64]
    arg [-L/lib/../lib64] ==> dir [/lib/../lib64]
    arg [-L/usr/lib/../lib64] ==> dir [/usr/lib/../lib64]
    arg [-L/cvmfs/larsoft.opensciencegrid.org/products/gcc/v6_4_0/Linux64bit+2.6-2.12/bin/../lib/gcc/x86_64-pc-linux-gnu/6.4.0/../../..] ==> dir [/cvmfs/larsoft.opensciencegrid.org/products/gcc/v6_4_0/Linux64bit+2.6-2.12/bin/../lib/gcc/x86_64-pc-linux-gnu/6.4.0/../../..]
    arg [CMakeFiles/cmTC_904d9.dir/CMakeCXXCompilerABI.cpp.o] ==> ignore
    arg [-lstdc++] ==> lib [stdc++]
    arg [-lm] ==> lib [m]
    arg [-lgcc_s] ==> lib [gcc_s]
    arg [-lgcc] ==> lib [gcc]
    arg [-lc] ==> lib [c]
    arg [-lgcc_s] ==> lib [gcc_s]
    arg [-lgcc] ==> lib [gcc]
    arg [/cvmfs/larsoft.opensciencegrid.org/products/gcc/v6_4_0/Linux64bit+2.6-2.12/bin/../lib/gcc/x86_64-pc-linux-gnu/6.4.0/crtend.o] ==> ignore
    arg [/usr/lib/../lib64/crtn.o] ==> ignore
  collapse library dir [/cvmfs/larsoft.opensciencegrid.org/products/gcc/v6_4_0/Linux64bit+2.6-2.12/bin/../lib/gcc/x86_64-pc-linux-gnu/6.4.0] ==> [/cvmfs/larsoft.opensciencegrid.org/products/gcc/v6_4_0/Linux64bit+2.6-2.12/lib/gcc/x86_64-pc-linux-gnu/6.4.0]
  collapse library dir [/cvmfs/larsoft.opensciencegrid.org/products/gcc/v6_4_0/Linux64bit+2.6-2.12/bin/../lib/gcc] ==> [/cvmfs/larsoft.opensciencegrid.org/products/gcc/v6_4_0/Linux64bit+2.6-2.12/lib/gcc]
  collapse library dir [/cvmfs/larsoft.opensciencegrid.org/products/gcc/v6_4_0/Linux64bit+2.6-2.12/bin/../lib/gcc/x86_64-pc-linux-gnu/6.4.0/../../../../lib64] ==> [/cvmfs/larsoft.opensciencegrid.org/products/gcc/v6_4_0/Linux64bit+2.6-2.12/lib64]
  collapse library dir [/lib/../lib64] ==> [/lib64]
  collapse library dir [/usr/lib/../lib64] ==> [/usr/lib64]
  collapse library dir [/cvmfs/larsoft.opensciencegrid.org/products/gcc/v6_4_0/Linux64bit+2.6-2.12/bin/../lib/gcc/x86_64-pc-linux-gnu/6.4.0/../../..] ==> [/cvmfs/larsoft.opensciencegrid.org/products/gcc/v6_4_0/Linux64bit+2.6-2.12/lib]
  implicit libs: [stdc++;m;gcc_s;gcc;c;gcc_s;gcc]
  implicit dirs: [/cvmfs/larsoft.opensciencegrid.org/products/gcc/v6_4_0/Linux64bit+2.6-2.12/lib/gcc/x86_64-pc-linux-gnu/6.4.0;/cvmfs/larsoft.opensciencegrid.org/products/gcc/v6_4_0/Linux64bit+2.6-2.12/lib/gcc;/cvmfs/larsoft.opensciencegrid.org/products/gcc/v6_4_0/Linux64bit+2.6-2.12/lib64;/lib64;/usr/lib64;/cvmfs/larsoft.opensciencegrid.org/products/gcc/v6_4_0/Linux64bit+2.6-2.12/lib]
  implicit fwks: []




Detecting CXX [-std=c++1z] compiler features compiled with the following output:
Change Dir: /dune/app/users/gyang/DUNE3dstTools/app/beamMonitoring/CMakeFiles/CMakeTmp

Run Build Command:"/usr/bin/gmake" "cmTC_b3a87/fast"
/usr/bin/gmake -f CMakeFiles/cmTC_b3a87.dir/build.make CMakeFiles/cmTC_b3a87.dir/build
gmake[1]: Entering directory `/dune/app/users/gyang/DUNE3dstTools/app/beamMonitoring/CMakeFiles/CMakeTmp'
Building CXX object CMakeFiles/cmTC_b3a87.dir/feature_tests.cxx.o
/cvmfs/larsoft.opensciencegrid.org/products/gcc/v6_4_0/Linux64bit+2.6-2.12/bin/c++    -std=c++1z -o CMakeFiles/cmTC_b3a87.dir/feature_tests.cxx.o -c /dune/app/users/gyang/DUNE3dstTools/app/beamMonitoring/CMakeFiles/feature_tests.cxx
Linking CXX executable cmTC_b3a87
/cvmfs/larsoft.opensciencegrid.org/products/cmake/v3_9_0/Linux64bit+2.6-2.12/bin/cmake -E cmake_link_script CMakeFiles/cmTC_b3a87.dir/link.txt --verbose=1
/cvmfs/larsoft.opensciencegrid.org/products/gcc/v6_4_0/Linux64bit+2.6-2.12/bin/c++       -rdynamic CMakeFiles/cmTC_b3a87.dir/feature_tests.cxx.o  -o cmTC_b3a87 
gmake[1]: Leaving directory `/dune/app/users/gyang/DUNE3dstTools/app/beamMonitoring/CMakeFiles/CMakeTmp'


    Feature record: CXX_FEATURE:1cxx_aggregate_default_initializers
    Feature record: CXX_FEATURE:1cxx_alias_templates
    Feature record: CXX_FEATURE:1cxx_alignas
    Feature record: CXX_FEATURE:1cxx_alignof
    Feature record: CXX_FEATURE:1cxx_attributes
    Feature record: CXX_FEATURE:1cxx_attribute_deprecated
    Feature record: CXX_FEATURE:1cxx_auto_type
    Feature record: CXX_FEATURE:1cxx_binary_literals
    Feature record: CXX_FEATURE:1cxx_constexpr
    Feature record: CXX_FEATURE:1cxx_contextual_conversions
    Feature record: CXX_FEATURE:1cxx_decltype
    Feature record: CXX_FEATURE:1cxx_decltype_auto
    Feature record: CXX_FEATURE:1cxx_decltype_incomplete_return_types
    Feature record: CXX_FEATURE:1cxx_default_function_template_args
    Feature record: CXX_FEATURE:1cxx_defaulted_functions
    Feature record: CXX_FEATURE:1cxx_defaulted_move_initializers
    Feature record: CXX_FEATURE:1cxx_delegating_constructors
    Feature record: CXX_FEATURE:1cxx_deleted_functions
    Feature record: CXX_FEATURE:1cxx_digit_separators
    Feature record: CXX_FEATURE:1cxx_enum_forward_declarations
    Feature record: CXX_FEATURE:1cxx_explicit_conversions
    Feature record: CXX_FEATURE:1cxx_extended_friend_declarations
    Feature record: CXX_FEATURE:1cxx_extern_templates
    Feature record: CXX_FEATURE:1cxx_final
    Feature record: CXX_FEATURE:1cxx_func_identifier
    Feature record: CXX_FEATURE:1cxx_generalized_initializers
    Feature record: CXX_FEATURE:1cxx_generic_lambdas
    Feature record: CXX_FEATURE:1cxx_inheriting_constructors
    Feature record: CXX_FEATURE:1cxx_inline_namespaces
    Feature record: CXX_FEATURE:1cxx_lambdas
    Feature record: CXX_FEATURE:1cxx_lambda_init_captures
    Feature record: CXX_FEATURE:1cxx_local_type_template_args
    Feature record: CXX_FEATURE:1cxx_long_long_type
    Feature record: CXX_FEATURE:1cxx_noexcept
    Feature record: CXX_FEATURE:1cxx_nonstatic_member_init
    Feature record: CXX_FEATURE:1cxx_nullptr
    Feature record: CXX_FEATURE:1cxx_override
    Feature record: CXX_FEATURE:1cxx_range_for
    Feature record: CXX_FEATURE:1cxx_raw_string_literals
    Feature record: CXX_FEATURE:1cxx_reference_qualified_functions
    Feature record: CXX_FEATURE:1cxx_relaxed_constexpr
    Feature record: CXX_FEATURE:1cxx_return_type_deduction
    Feature record: CXX_FEATURE:1cxx_right_angle_brackets
    Feature record: CXX_FEATURE:1cxx_rvalue_references
    Feature record: CXX_FEATURE:1cxx_sizeof_member
    Feature record: CXX_FEATURE:1cxx_static_assert
    Feature record: CXX_FEATURE:1cxx_strong_enums
    Feature record: CXX_FEATURE:1cxx_template_template_parameters
    Feature record: CXX_FEATURE:1cxx_thread_local
    Feature record: CXX_FEATURE:1cxx_trailing_return_types
    Feature record: CXX_FEATURE:1cxx_unicode_literals
    Feature record: CXX_FEATURE:1cxx_uniform_initialization
    Feature record: CXX_FEATURE:1cxx_unrestricted_unions
    Feature record: CXX_FEATURE:1cxx_user_literals
    Feature record: CXX_FEATURE:1cxx_variable_templates
    Feature record: CXX_FEATURE:1cxx_variadic_macros
    Feature record: CXX_FEATURE:1cxx_variadic_templates


Detecting CXX [-std=c++14] compiler features compiled with the following output:
Change Dir: /dune/app/users/gyang/DUNE3dstTools/app/beamMonitoring/CMakeFiles/CMakeTmp

Run Build Command:"/usr/bin/gmake" "cmTC_3364e/fast"
/usr/bin/gmake -f CMakeFiles/cmTC_3364e.dir/build.make CMakeFiles/cmTC_3364e.dir/build
gmake[1]: Entering directory `/dune/app/users/gyang/DUNE3dstTools/app/beamMonitoring/CMakeFiles/CMakeTmp'
Building CXX object CMakeFiles/cmTC_3364e.dir/feature_tests.cxx.o
/cvmfs/larsoft.opensciencegrid.org/products/gcc/v6_4_0/Linux64bit+2.6-2.12/bin/c++    -std=c++14 -o CMakeFiles/cmTC_3364e.dir/feature_tests.cxx.o -c /dune/app/users/gyang/DUNE3dstTools/app/beamMonitoring/CMakeFiles/feature_tests.cxx
Linking CXX executable cmTC_3364e
/cvmfs/larsoft.opensciencegrid.org/products/cmake/v3_9_0/Linux64bit+2.6-2.12/bin/cmake -E cmake_link_script CMakeFiles/cmTC_3364e.dir/link.txt --verbose=1
/cvmfs/larsoft.opensciencegrid.org/products/gcc/v6_4_0/Linux64bit+2.6-2.12/bin/c++       -rdynamic CMakeFiles/cmTC_3364e.dir/feature_tests.cxx.o  -o cmTC_3364e 
gmake[1]: Leaving directory `/dune/app/users/gyang/DUNE3dstTools/app/beamMonitoring/CMakeFiles/CMakeTmp'


    Feature record: CXX_FEATURE:1cxx_aggregate_default_initializers
    Feature record: CXX_FEATURE:1cxx_alias_templates
    Feature record: CXX_FEATURE:1cxx_alignas
    Feature record: CXX_FEATURE:1cxx_alignof
    Feature record: CXX_FEATURE:1cxx_attributes
    Feature record: CXX_FEATURE:1cxx_attribute_deprecated
    Feature record: CXX_FEATURE:1cxx_auto_type
    Feature record: CXX_FEATURE:1cxx_binary_literals
    Feature record: CXX_FEATURE:1cxx_constexpr
    Feature record: CXX_FEATURE:1cxx_contextual_conversions
    Feature record: CXX_FEATURE:1cxx_decltype
    Feature record: CXX_FEATURE:1cxx_decltype_auto
    Feature record: CXX_FEATURE:1cxx_decltype_incomplete_return_types
    Feature record: CXX_FEATURE:1cxx_default_function_template_args
    Feature record: CXX_FEATURE:1cxx_defaulted_functions
    Feature record: CXX_FEATURE:1cxx_defaulted_move_initializers
    Feature record: CXX_FEATURE:1cxx_delegating_constructors
    Feature record: CXX_FEATURE:1cxx_deleted_functions
    Feature record: CXX_FEATURE:1cxx_digit_separators
    Feature record: CXX_FEATURE:1cxx_enum_forward_declarations
    Feature record: CXX_FEATURE:1cxx_explicit_conversions
    Feature record: CXX_FEATURE:1cxx_extended_friend_declarations
    Feature record: CXX_FEATURE:1cxx_extern_templates
    Feature record: CXX_FEATURE:1cxx_final
    Feature record: CXX_FEATURE:1cxx_func_identifier
    Feature record: CXX_FEATURE:1cxx_generalized_initializers
    Feature record: CXX_FEATURE:1cxx_generic_lambdas
    Feature record: CXX_FEATURE:1cxx_inheriting_constructors
    Feature record: CXX_FEATURE:1cxx_inline_namespaces
    Feature record: CXX_FEATURE:1cxx_lambdas
    Feature record: CXX_FEATURE:1cxx_lambda_init_captures
    Feature record: CXX_FEATURE:1cxx_local_type_template_args
    Feature record: CXX_FEATURE:1cxx_long_long_type
    Feature record: CXX_FEATURE:1cxx_noexcept
    Feature record: CXX_FEATURE:1cxx_nonstatic_member_init
    Feature record: CXX_FEATURE:1cxx_nullptr
    Feature record: CXX_FEATURE:1cxx_override
    Feature record: CXX_FEATURE:1cxx_range_for
    Feature record: CXX_FEATURE:1cxx_raw_string_literals
    Feature record: CXX_FEATURE:1cxx_reference_qualified_functions
    Feature record: CXX_FEATURE:1cxx_relaxed_constexpr
    Feature record: CXX_FEATURE:1cxx_return_type_deduction
    Feature record: CXX_FEATURE:1cxx_right_angle_brackets
    Feature record: CXX_FEATURE:1cxx_rvalue_references
    Feature record: CXX_FEATURE:1cxx_sizeof_member
    Feature record: CXX_FEATURE:1cxx_static_assert
    Feature record: CXX_FEATURE:1cxx_strong_enums
    Feature record: CXX_FEATURE:1cxx_template_template_parameters
    Feature record: CXX_FEATURE:1cxx_thread_local
    Feature record: CXX_FEATURE:1cxx_trailing_return_types
    Feature record: CXX_FEATURE:1cxx_unicode_literals
    Feature record: CXX_FEATURE:1cxx_uniform_initialization
    Feature record: CXX_FEATURE:1cxx_unrestricted_unions
    Feature record: CXX_FEATURE:1cxx_user_literals
    Feature record: CXX_FEATURE:1cxx_variable_templates
    Feature record: CXX_FEATURE:1cxx_variadic_macros
    Feature record: CXX_FEATURE:1cxx_variadic_templates


Detecting CXX [-std=c++11] compiler features compiled with the following output:
Change Dir: /dune/app/users/gyang/DUNE3dstTools/app/beamMonitoring/CMakeFiles/CMakeTmp

Run Build Command:"/usr/bin/gmake" "cmTC_e76aa/fast"
/usr/bin/gmake -f CMakeFiles/cmTC_e76aa.dir/build.make CMakeFiles/cmTC_e76aa.dir/build
gmake[1]: Entering directory `/dune/app/users/gyang/DUNE3dstTools/app/beamMonitoring/CMakeFiles/CMakeTmp'
Building CXX object CMakeFiles/cmTC_e76aa.dir/feature_tests.cxx.o
/cvmfs/larsoft.opensciencegrid.org/products/gcc/v6_4_0/Linux64bit+2.6-2.12/bin/c++    -std=c++11 -o CMakeFiles/cmTC_e76aa.dir/feature_tests.cxx.o -c /dune/app/users/gyang/DUNE3dstTools/app/beamMonitoring/CMakeFiles/feature_tests.cxx
Linking CXX executable cmTC_e76aa
/cvmfs/larsoft.opensciencegrid.org/products/cmake/v3_9_0/Linux64bit+2.6-2.12/bin/cmake -E cmake_link_script CMakeFiles/cmTC_e76aa.dir/link.txt --verbose=1
/cvmfs/larsoft.opensciencegrid.org/products/gcc/v6_4_0/Linux64bit+2.6-2.12/bin/c++       -rdynamic CMakeFiles/cmTC_e76aa.dir/feature_tests.cxx.o  -o cmTC_e76aa 
gmake[1]: Leaving directory `/dune/app/users/gyang/DUNE3dstTools/app/beamMonitoring/CMakeFiles/CMakeTmp'


    Feature record: CXX_FEATURE:0cxx_aggregate_default_initializers
    Feature record: CXX_FEATURE:1cxx_alias_templates
    Feature record: CXX_FEATURE:1cxx_alignas
    Feature record: CXX_FEATURE:1cxx_alignof
    Feature record: CXX_FEATURE:1cxx_attributes
    Feature record: CXX_FEATURE:0cxx_attribute_deprecated
    Feature record: CXX_FEATURE:1cxx_auto_type
    Feature record: CXX_FEATURE:0cxx_binary_literals
    Feature record: CXX_FEATURE:1cxx_constexpr
    Feature record: CXX_FEATURE:0cxx_contextual_conversions
    Feature record: CXX_FEATURE:1cxx_decltype
    Feature record: CXX_FEATURE:0cxx_decltype_auto
    Feature record: CXX_FEATURE:1cxx_decltype_incomplete_return_types
    Feature record: CXX_FEATURE:1cxx_default_function_template_args
    Feature record: CXX_FEATURE:1cxx_defaulted_functions
    Feature record: CXX_FEATURE:1cxx_defaulted_move_initializers
    Feature record: CXX_FEATURE:1cxx_delegating_constructors
    Feature record: CXX_FEATURE:1cxx_deleted_functions
    Feature record: CXX_FEATURE:0cxx_digit_separators
    Feature record: CXX_FEATURE:1cxx_enum_forward_declarations
    Feature record: CXX_FEATURE:1cxx_explicit_conversions
    Feature record: CXX_FEATURE:1cxx_extended_friend_declarations
    Feature record: CXX_FEATURE:1cxx_extern_templates
    Feature record: CXX_FEATURE:1cxx_final
    Feature record: CXX_FEATURE:1cxx_func_identifier
    Feature record: CXX_FEATURE:1cxx_generalized_initializers
    Feature record: CXX_FEATURE:0cxx_generic_lambdas
    Feature record: CXX_FEATURE:1cxx_inheriting_constructors
    Feature record: CXX_FEATURE:1cxx_inline_namespaces
    Feature record: CXX_FEATURE:1cxx_lambdas
    Feature record: CXX_FEATURE:0cxx_lambda_init_captures
    Feature record: CXX_FEATURE:1cxx_local_type_template_args
    Feature record: CXX_FEATURE:1cxx_long_long_type
    Feature record: CXX_FEATURE:1cxx_noexcept
    Feature record: CXX_FEATURE:1cxx_nonstatic_member_init
    Feature record: CXX_FEATURE:1cxx_nullptr
    Feature record: CXX_FEATURE:1cxx_override
    Feature record: CXX_FEATURE:1cxx_range_for
    Feature record: CXX_FEATURE:1cxx_raw_string_literals
    Feature record: CXX_FEATURE:1cxx_reference_qualified_functions
    Feature record: CXX_FEATURE:0cxx_relaxed_constexpr
    Feature record: CXX_FEATURE:0cxx_return_type_deduction
    Feature record: CXX_FEATURE:1cxx_right_angle_brackets
    Feature record: CXX_FEATURE:1cxx_rvalue_references
    Feature record: CXX_FEATURE:1cxx_sizeof_member
    Feature record: CXX_FEATURE:1cxx_static_assert
    Feature record: CXX_FEATURE:1cxx_strong_enums
    Feature record: CXX_FEATURE:1cxx_template_template_parameters
    Feature record: CXX_FEATURE:1cxx_thread_local
    Feature record: CXX_FEATURE:1cxx_trailing_return_types
    Feature record: CXX_FEATURE:1cxx_unicode_literals
    Feature record: CXX_FEATURE:1cxx_uniform_initialization
    Feature record: CXX_FEATURE:1cxx_unrestricted_unions
    Feature record: CXX_FEATURE:1cxx_user_literals
    Feature record: CXX_FEATURE:0cxx_variable_templates
    Feature record: CXX_FEATURE:1cxx_variadic_macros
    Feature record: CXX_FEATURE:1cxx_variadic_templates


Detecting CXX [-std=c++98] compiler features compiled with the following output:
Change Dir: /dune/app/users/gyang/DUNE3dstTools/app/beamMonitoring/CMakeFiles/CMakeTmp

Run Build Command:"/usr/bin/gmake" "cmTC_b554f/fast"
/usr/bin/gmake -f CMakeFiles/cmTC_b554f.dir/build.make CMakeFiles/cmTC_b554f.dir/build
gmake[1]: Entering directory `/dune/app/users/gyang/DUNE3dstTools/app/beamMonitoring/CMakeFiles/CMakeTmp'
Building CXX object CMakeFiles/cmTC_b554f.dir/feature_tests.cxx.o
/cvmfs/larsoft.opensciencegrid.org/products/gcc/v6_4_0/Linux64bit+2.6-2.12/bin/c++    -std=c++98 -o CMakeFiles/cmTC_b554f.dir/feature_tests.cxx.o -c /dune/app/users/gyang/DUNE3dstTools/app/beamMonitoring/CMakeFiles/feature_tests.cxx
Linking CXX executable cmTC_b554f
/cvmfs/larsoft.opensciencegrid.org/products/cmake/v3_9_0/Linux64bit+2.6-2.12/bin/cmake -E cmake_link_script CMakeFiles/cmTC_b554f.dir/link.txt --verbose=1
/cvmfs/larsoft.opensciencegrid.org/products/gcc/v6_4_0/Linux64bit+2.6-2.12/bin/c++       -rdynamic CMakeFiles/cmTC_b554f.dir/feature_tests.cxx.o  -o cmTC_b554f 
gmake[1]: Leaving directory `/dune/app/users/gyang/DUNE3dstTools/app/beamMonitoring/CMakeFiles/CMakeTmp'


    Feature record: CXX_FEATURE:0cxx_aggregate_default_initializers
    Feature record: CXX_FEATURE:0cxx_alias_templates
    Feature record: CXX_FEATURE:0cxx_alignas
    Feature record: CXX_FEATURE:0cxx_alignof
    Feature record: CXX_FEATURE:0cxx_attributes
    Feature record: CXX_FEATURE:0cxx_attribute_deprecated
    Feature record: CXX_FEATURE:0cxx_auto_type
    Feature record: CXX_FEATURE:0cxx_binary_literals
    Feature record: CXX_FEATURE:0cxx_constexpr
    Feature record: CXX_FEATURE:0cxx_contextual_conversions
    Feature record: CXX_FEATURE:0cxx_decltype
    Feature record: CXX_FEATURE:0cxx_decltype_auto
    Feature record: CXX_FEATURE:0cxx_decltype_incomplete_return_types
    Feature record: CXX_FEATURE:0cxx_default_function_template_args
    Feature record: CXX_FEATURE:0cxx_defaulted_functions
    Feature record: CXX_FEATURE:0cxx_defaulted_move_initializers
    Feature record: CXX_FEATURE:0cxx_delegating_constructors
    Feature record: CXX_FEATURE:0cxx_deleted_functions
    Feature record: CXX_FEATURE:0cxx_digit_separators
    Feature record: CXX_FEATURE:0cxx_enum_forward_declarations
    Feature record: CXX_FEATURE:0cxx_explicit_conversions
    Feature record: CXX_FEATURE:0cxx_extended_friend_declarations
    Feature record: CXX_FEATURE:0cxx_extern_templates
    Feature record: CXX_FEATURE:0cxx_final
    Feature record: CXX_FEATURE:0cxx_func_identifier
    Feature record: CXX_FEATURE:0cxx_generalized_initializers
    Feature record: CXX_FEATURE:0cxx_generic_lambdas
    Feature record: CXX_FEATURE:0cxx_inheriting_constructors
    Feature record: CXX_FEATURE:0cxx_inline_namespaces
    Feature record: CXX_FEATURE:0cxx_lambdas
    Feature record: CXX_FEATURE:0cxx_lambda_init_captures
    Feature record: CXX_FEATURE:0cxx_local_type_template_args
    Feature record: CXX_FEATURE:0cxx_long_long_type
    Feature record: CXX_FEATURE:0cxx_noexcept
    Feature record: CXX_FEATURE:0cxx_nonstatic_member_init
    Feature record: CXX_FEATURE:0cxx_nullptr
    Feature record: CXX_FEATURE:0cxx_override
    Feature record: CXX_FEATURE:0cxx_range_for
    Feature record: CXX_FEATURE:0cxx_raw_string_literals
    Feature record: CXX_FEATURE:0cxx_reference_qualified_functions
    Feature record: CXX_FEATURE:0cxx_relaxed_constexpr
    Feature record: CXX_FEATURE:0cxx_return_type_deduction
    Feature record: CXX_FEATURE:0cxx_right_angle_brackets
    Feature record: CXX_FEATURE:0cxx_rvalue_references
    Feature record: CXX_FEATURE:0cxx_sizeof_member
    Feature record: CXX_FEATURE:0cxx_static_assert
    Feature record: CXX_FEATURE:0cxx_strong_enums
    Feature record: CXX_FEATURE:1cxx_template_template_parameters
    Feature record: CXX_FEATURE:0cxx_thread_local
    Feature record: CXX_FEATURE:0cxx_trailing_return_types
    Feature record: CXX_FEATURE:0cxx_unicode_literals
    Feature record: CXX_FEATURE:0cxx_uniform_initialization
    Feature record: CXX_FEATURE:0cxx_unrestricted_unions
    Feature record: CXX_FEATURE:0cxx_user_literals
    Feature record: CXX_FEATURE:0cxx_variable_templates
    Feature record: CXX_FEATURE:0cxx_variadic_macros
    Feature record: CXX_FEATURE:0cxx_variadic_templates
